<?xml version="1.0" encoding="UTF-8"?>
<!-- Generated by org.testng.reporters.JUnitXMLReporter -->
<testsuite ignored="0" hostname="LAPTOP-PISM2MGM" failures="1" tests="15" name="Default test" time="77.34" errors="0" timestamp="2021-11-01T17:36:38 ICT">
  <testcase classname="ass3_test_pagination_version1.ass3_test_pagination_version1" name="Pagination_001_001" time="4.105"/>
  <testcase classname="ass3_test_pagination_version1.ass3_test_pagination_version1" name="Pagination_001_002" time="1.86"/>
  <testcase classname="ass3_test_pagination_version1.ass3_test_pagination_version1" name="Pagination_001_003" time="0.898">
    <failure type="java.lang.AssertionError" message="expected [https://vn-z.vn/forums/tin-tuc-cong-nghe-va-doi-song.6/] but found [https://vn-z.vn/forums/tin-tuc-cong-nghe-va-doi-song.6/page-NaN]">
      <![CDATA[java.lang.AssertionError: expected [https://vn-z.vn/forums/tin-tuc-cong-nghe-va-doi-song.6/] but found [https://vn-z.vn/forums/tin-tuc-cong-nghe-va-doi-song.6/page-NaN]
at org.testng.Assert.fail(Assert.java:99)
at org.testng.Assert.failNotEquals(Assert.java:1037)
at org.testng.Assert.assertEqualsImpl(Assert.java:140)
at org.testng.Assert.assertEquals(Assert.java:122)
at org.testng.Assert.assertEquals(Assert.java:629)
at org.testng.Assert.assertEquals(Assert.java:639)
at ass3_test_pagination_version1.ass3_test_pagination_version1.Pagination_001_003(ass3_test_pagination_version1.java:73)
at java.base/jdk.internal.reflect.NativeMethodAccessorImpl.invoke0(Native Method)
at java.base/jdk.internal.reflect.NativeMethodAccessorImpl.invoke(NativeMethodAccessorImpl.java:78)
at java.base/jdk.internal.reflect.DelegatingMethodAccessorImpl.invoke(DelegatingMethodAccessorImpl.java:43)
at java.base/java.lang.reflect.Method.invoke(Method.java:567)
at org.testng.internal.MethodInvocationHelper.invokeMethod(MethodInvocationHelper.java:133)
at org.testng.internal.TestInvoker.invokeMethod(TestInvoker.java:598)
at org.testng.internal.TestInvoker.invokeTestMethod(TestInvoker.java:173)
at org.testng.internal.MethodRunner.runInSequence(MethodRunner.java:46)
at org.testng.internal.TestInvoker$MethodInvocationAgent.invoke(TestInvoker.java:824)
at org.testng.internal.TestInvoker.invokeTestMethods(TestInvoker.java:146)
at org.testng.internal.TestMethodWorker.invokeTestMethods(TestMethodWorker.java:146)
at org.testng.internal.TestMethodWorker.run(TestMethodWorker.java:128)
at java.base/java.util.ArrayList.forEach(ArrayList.java:1511)
at org.testng.TestRunner.privateRun(TestRunner.java:794)
at org.testng.TestRunner.run(TestRunner.java:596)
at org.testng.SuiteRunner.runTest(SuiteRunner.java:377)
at org.testng.SuiteRunner.runSequentially(SuiteRunner.java:371)
at org.testng.SuiteRunner.privateRun(SuiteRunner.java:332)
at org.testng.SuiteRunner.run(SuiteRunner.java:276)
at org.testng.SuiteRunnerWorker.runSuite(SuiteRunnerWorker.java:53)
at org.testng.SuiteRunnerWorker.run(SuiteRunnerWorker.java:96)
at org.testng.TestNG.runSuitesSequentially(TestNG.java:1212)
at org.testng.TestNG.runSuitesLocally(TestNG.java:1134)
at org.testng.TestNG.runSuites(TestNG.java:1063)
at org.testng.TestNG.run(TestNG.java:1031)
at org.testng.remote.AbstractRemoteTestNG.run(AbstractRemoteTestNG.java:115)
at org.testng.remote.RemoteTestNG.initAndRun(RemoteTestNG.java:251)
at org.testng.remote.RemoteTestNG.main(RemoteTestNG.java:77)
]]>
    </failure>
  </testcase> <!-- Pagination_001_003 -->
  <testcase classname="ass3_test_pagination_version1.ass3_test_pagination_version1" name="Pagination_001_004" time="1.532"/>
  <testcase classname="ass3_test_pagination_version1.ass3_test_pagination_version1" name="Pagination_001_005" time="1.369"/>
  <testcase classname="ass3_test_pagination_version1.ass3_test_pagination_version1" name="Pagination_001_006" time="29.019"/>
  <testcase classname="ass3_test_pagination_version1.ass3_test_pagination_version1" name="Pagination_001_007" time="2.06"/>
  <testcase classname="ass3_test_pagination_version1.ass3_test_pagination_version1" name="Pagination_001_008" time="1.755"/>
  <testcase classname="ass3_test_pagination_version1.ass3_test_pagination_version1" name="Pagination_001_009" time="5.504"/>
  <testcase classname="ass3_test_pagination_version1.ass3_test_pagination_version1" name="Pagination_001_011" time="1.498"/>
  <testcase classname="ass3_test_pagination_version1.ass3_test_pagination_version1" name="Pagination_001_012" time="1.539"/>
  <testcase classname="ass3_test_pagination_version1.ass3_test_pagination_version1" name="Pagination_001_013" time="0.19"/>
  <testcase classname="ass3_test_pagination_version1.ass3_test_pagination_version1" name="Pagination_001_014" time="0.619"/>
  <testcase classname="ass3_test_pagination_version1.ass3_test_pagination_version1" name="Pagination_002_001" time="1.136"/>
  <testcase classname="ass3_test_pagination_version1.ass3_test_pagination_version1" name="Pagination_002_002" time="0.633"/>
</testsuite> <!-- Default test -->
